23-03-20 14:31:11.954 : 07_ART
23-03-20 14:32:50.068 : 07_ART
23-03-20 14:39:18.923 : 07_ART
23-03-20 14:42:57.503 : 07_ART
23-03-20 14:46:49.613 : 07_ART
23-03-20 14:47:23.364 : 07_ART
23-03-20 14:47:44.096 : 07_ART
23-03-20 14:48:49.591 : 07_ART
23-03-20 14:48:53.327 : 0801.png - PSNR: 31.46 dB
23-03-20 14:48:55.368 : 0802.png - PSNR: 37.67 dB
23-03-20 14:48:57.827 : 0803.png - PSNR: 44.35 dB
23-03-20 14:48:59.559 : 0804.png - PSNR: 29.97 dB
23-03-20 14:49:01.973 : 0805.png - PSNR: 30.10 dB
23-03-20 14:49:04.021 : 0806.png - PSNR: 31.57 dB
23-03-20 14:49:05.610 : 0807.png - PSNR: 22.11 dB
23-03-20 14:49:07.624 : 0808.png - PSNR: 28.54 dB
23-03-20 14:49:09.658 : 0809.png - PSNR: 34.10 dB
23-03-20 14:49:12.105 : 0810.png - PSNR: 28.43 dB
23-03-20 14:49:14.156 : 0811.png - PSNR: 30.51 dB
23-03-20 14:49:16.600 : 0812.png - PSNR: 30.35 dB
23-03-20 14:49:18.898 : 0813.png - PSNR: 33.26 dB
23-03-20 14:49:20.934 : 0814.png - PSNR: 30.96 dB
23-03-20 14:49:22.937 : 0815.png - PSNR: 37.13 dB
23-03-20 14:49:24.980 : 0816.png - PSNR: 33.38 dB
23-03-20 14:49:27.418 : 0817.png - PSNR: 34.44 dB
23-03-20 14:49:29.895 : 0818.png - PSNR: 31.16 dB
23-03-20 14:49:31.963 : 0819.png - PSNR: 30.06 dB
23-03-20 14:49:34.018 : 0820.png - PSNR: 27.68 dB
23-03-20 14:49:36.073 : 0821.png - PSNR: 35.24 dB
23-03-20 14:49:38.685 : 0822.png - PSNR: 32.68 dB
23-03-20 14:49:40.647 : 0823.png - PSNR: 28.01 dB
23-03-20 14:49:42.679 : 0824.png - PSNR: 30.73 dB
23-03-20 14:49:44.732 : 0825.png - PSNR: 29.73 dB
23-03-20 14:49:47.193 : 0826.png - PSNR: 26.27 dB
23-03-20 14:49:49.670 : 0827.png - PSNR: 36.00 dB
23-03-20 14:49:51.737 : 0828.png - PSNR: 30.04 dB
23-03-20 14:49:53.774 : 0829.png - PSNR: 28.05 dB
23-03-20 14:49:54.829 : 0830.png - PSNR: 26.70 dB
23-03-20 14:49:56.853 : 0831.png - PSNR: 33.50 dB
23-03-20 14:50:12.560 : 07_ART
23-03-20 14:50:18.460 : 0801.png - PSNR: 31.48 dB
23-03-20 14:50:22.972 : 0802.png - PSNR: 37.70 dB
23-03-20 14:50:28.502 : 0803.png - PSNR: 44.45 dB
23-03-20 14:50:32.269 : 0804.png - PSNR: 30.07 dB
23-03-20 14:50:37.770 : 0805.png - PSNR: 30.10 dB
23-03-20 14:50:42.326 : 0806.png - PSNR: 31.64 dB
23-03-20 14:50:45.666 : 0807.png - PSNR: 22.12 dB
23-03-20 14:50:50.170 : 0808.png - PSNR: 28.58 dB
23-03-20 14:50:54.695 : 0809.png - PSNR: 34.12 dB
23-03-20 14:51:00.231 : 0810.png - PSNR: 28.44 dB
23-03-20 14:51:04.776 : 0811.png - PSNR: 30.52 dB
23-03-20 14:51:10.310 : 0812.png - PSNR: 30.42 dB
23-03-20 14:51:15.488 : 0813.png - PSNR: 33.30 dB
23-03-20 14:51:20.028 : 0814.png - PSNR: 31.06 dB
23-03-20 14:51:24.531 : 0815.png - PSNR: 37.21 dB
23-03-20 14:51:29.066 : 0816.png - PSNR: 33.42 dB
23-03-20 14:51:34.596 : 0817.png - PSNR: 34.49 dB
23-03-20 14:51:40.161 : 0818.png - PSNR: 31.22 dB
23-03-20 14:51:44.717 : 0819.png - PSNR: 30.09 dB
23-03-20 14:51:49.268 : 0820.png - PSNR: 27.81 dB
23-03-20 14:51:53.822 : 0821.png - PSNR: 35.31 dB
23-03-20 14:51:59.496 : 0822.png - PSNR: 32.71 dB
23-03-20 14:52:03.743 : 0823.png - PSNR: 28.05 dB
23-03-20 14:52:08.266 : 0824.png - PSNR: 30.76 dB
23-03-20 14:52:12.816 : 0825.png - PSNR: 29.77 dB
23-03-20 14:52:18.368 : 0826.png - PSNR: 26.30 dB
23-03-20 14:52:23.941 : 0827.png - PSNR: 36.07 dB
23-03-20 14:52:28.500 : 0828.png - PSNR: 30.28 dB
23-03-20 14:52:33.024 : 0829.png - PSNR: 28.06 dB
23-03-20 14:52:34.880 : 0830.png - PSNR: 26.75 dB
23-03-20 14:52:39.390 : 0831.png - PSNR: 33.62 dB
23-03-20 14:52:43.941 : 0832.png - PSNR: 33.56 dB
23-03-20 14:52:49.619 : 0833.png - PSNR: 36.69 dB
23-03-20 14:52:54.150 : 0834.png - PSNR: 27.20 dB
23-03-20 14:52:58.770 : 0835.png - PSNR: 24.61 dB
23-03-20 14:53:04.351 : 0836.png - PSNR: 28.58 dB
23-03-20 14:53:08.910 : 0837.png - PSNR: 28.39 dB
23-03-20 14:53:13.443 : 0838.png - PSNR: 39.57 dB
23-03-20 14:53:17.963 : 0839.png - PSNR: 30.57 dB
23-03-20 14:53:22.477 : 0840.png - PSNR: 30.40 dB
23-03-20 14:53:27.025 : 0841.png - PSNR: 30.52 dB
23-03-20 14:53:31.555 : 0842.png - PSNR: 31.72 dB
23-03-20 14:53:36.055 : 0843.png - PSNR: 44.15 dB
23-03-20 14:53:40.559 : 0844.png - PSNR: 48.35 dB
23-03-20 14:53:45.075 : 0845.png - PSNR: 29.87 dB
23-03-20 14:53:49.301 : 0846.png - PSNR: 30.41 dB
23-03-20 14:53:53.841 : 0847.png - PSNR: 30.45 dB
23-03-20 14:53:59.374 : 0848.png - PSNR: 29.24 dB
23-03-20 14:54:03.943 : 0849.png - PSNR: 24.76 dB
23-03-20 14:54:08.495 : 0850.png - PSNR: 31.37 dB
23-03-20 14:54:12.524 : 0851.png - PSNR: 30.75 dB
23-03-20 14:54:16.007 : 0852.png - PSNR: 31.51 dB
23-03-20 14:54:20.522 : 0853.png - PSNR: 37.07 dB
23-03-20 14:54:23.585 : 0854.png - PSNR: 26.64 dB
23-03-20 14:54:30.448 : 0855.png - PSNR: 31.27 dB
23-03-20 14:54:35.045 : 0856.png - PSNR: 28.07 dB
23-03-20 14:54:39.896 : 0857.png - PSNR: 36.51 dB
23-03-20 14:54:44.438 : 0858.png - PSNR: 30.12 dB
23-03-20 14:54:48.977 : 0859.png - PSNR: 27.29 dB
23-03-20 14:54:54.530 : 0860.png - PSNR: 22.31 dB
23-03-20 14:54:59.111 : 0861.png - PSNR: 25.35 dB
23-03-20 14:55:03.643 : 0862.png - PSNR: 34.70 dB
23-03-20 14:55:08.946 : 0863.png - PSNR: 34.81 dB
23-03-20 14:55:13.496 : 0864.png - PSNR: 31.72 dB
23-03-20 14:55:19.045 : 0865.png - PSNR: 28.99 dB
23-03-20 14:55:23.617 : 0866.png - PSNR: 26.87 dB
23-03-20 14:55:28.176 : 0867.png - PSNR: 30.65 dB
23-03-20 14:55:32.697 : 0868.png - PSNR: 34.84 dB
23-03-20 14:55:37.192 : 0869.png - PSNR: 25.49 dB
23-03-20 14:55:42.469 : 0870.png - PSNR: 30.47 dB
23-03-20 14:55:47.038 : 0871.png - PSNR: 34.53 dB
23-03-20 14:55:51.575 : 0872.png - PSNR: 25.70 dB
23-03-20 14:55:56.136 : 0873.png - PSNR: 26.17 dB
23-03-20 14:56:00.682 : 0874.png - PSNR: 32.01 dB
23-03-20 14:56:06.241 : 0875.png - PSNR: 26.11 dB
23-03-20 14:56:10.808 : 0876.png - PSNR: 23.66 dB
23-03-20 14:56:14.313 : 0877.png - PSNR: 42.85 dB
23-03-20 14:56:19.741 : 0878.png - PSNR: 34.41 dB
23-03-20 14:56:25.939 : 0879.png - PSNR: 29.74 dB
23-03-20 14:56:30.515 : 0880.png - PSNR: 33.92 dB
23-03-20 14:56:34.498 : 0881.png - PSNR: 28.31 dB
23-03-20 14:56:39.031 : 0882.png - PSNR: 36.16 dB
23-03-20 14:56:43.686 : 0883.png - PSNR: 28.78 dB
23-03-20 14:56:48.242 : 0884.png - PSNR: 29.08 dB
23-03-20 14:56:52.804 : 0885.png - PSNR: 25.33 dB
23-03-20 14:56:57.341 : 0886.png - PSNR: 39.18 dB
23-03-20 14:57:01.873 : 0887.png - PSNR: 26.69 dB
23-03-20 14:57:06.410 : 0888.png - PSNR: 32.82 dB
23-03-20 14:57:10.969 : 0889.png - PSNR: 33.61 dB
23-03-20 14:57:15.186 : 0890.png - PSNR: 26.82 dB
23-03-20 14:57:19.993 : 0891.png - PSNR: 29.70 dB
23-03-20 14:57:24.261 : 0892.png - PSNR: 35.01 dB
23-03-20 14:57:28.787 : 0893.png - PSNR: 35.20 dB
23-03-20 14:57:33.337 : 0894.png - PSNR: 33.88 dB
23-03-20 14:57:37.549 : 0895.png - PSNR: 21.97 dB
23-03-20 14:57:42.082 : 0896.png - PSNR: 41.75 dB
23-03-20 14:57:46.283 : 0897.png - PSNR: 23.72 dB
23-03-20 14:57:50.820 : 0898.png - PSNR: 36.99 dB
23-03-20 14:57:55.355 : 0899.png - PSNR: 35.63 dB
23-03-20 14:57:58.869 : 0900.png - PSNR: 30.84 dB
23-03-20 14:57:58.954 :       Max Memery : 6704.978 [M]
23-03-20 14:57:58.954 : ------> Average runtime of (valid) is : 4376.068602 seconds
23-03-20 14:57:59.754 :     #Activations : 185.5980 [M]
23-03-20 14:57:59.754 :          #Conv2d : 12
23-03-20 14:58:01.355 :            FLOPs : 510.1791 [G]
23-03-20 14:58:01.356 :          #Params : 16.5458 [M]
23-03-20 15:09:36.617 : 07_ART
23-03-20 15:10:01.985 : 07_ART
23-03-20 15:10:20.727 : 0801.png - PSNR: 31.49 dB
23-03-20 15:10:37.881 : 0802.png - PSNR: 37.72 dB
23-03-20 15:10:58.992 : 0803.png - PSNR: 44.55 dB
23-03-20 15:11:13.223 : 0804.png - PSNR: 30.12 dB
23-03-20 15:11:34.379 : 0805.png - PSNR: 30.11 dB
23-03-20 15:11:51.706 : 0806.png - PSNR: 31.70 dB
23-03-20 15:12:04.367 : 0807.png - PSNR: 22.14 dB
23-03-20 15:12:21.646 : 0808.png - PSNR: 28.59 dB
23-03-20 15:12:38.966 : 0809.png - PSNR: 34.14 dB
23-03-20 15:13:00.239 : 0810.png - PSNR: 28.45 dB
23-03-20 15:13:27.305 : 07_ART
23-03-20 15:14:44.313 : 07_ART
23-03-20 15:17:08.247 : 07_ART
23-03-20 15:17:26.792 : 0801.png - PSNR: 31.49 dB
23-03-20 15:17:44.033 : 0802.png - PSNR: 37.72 dB
23-03-20 15:18:05.226 : 0803.png - PSNR: 44.55 dB
23-03-20 15:18:19.490 : 0804.png - PSNR: 30.12 dB
23-03-20 15:18:40.716 : 0805.png - PSNR: 30.11 dB
23-03-20 15:18:58.069 : 0806.png - PSNR: 31.70 dB
23-03-20 15:19:10.751 : 0807.png - PSNR: 22.14 dB
23-03-20 15:19:28.075 : 0808.png - PSNR: 28.59 dB
23-03-20 15:19:45.391 : 0809.png - PSNR: 34.14 dB
23-03-20 15:20:06.647 : 0810.png - PSNR: 28.45 dB
23-03-20 15:20:23.986 : 0811.png - PSNR: 30.54 dB
23-03-20 15:20:45.238 : 0812.png - PSNR: 30.46 dB
23-03-20 15:21:05.037 : 0813.png - PSNR: 33.33 dB
23-03-20 15:21:22.351 : 0814.png - PSNR: 31.13 dB
23-03-20 15:21:39.637 : 0815.png - PSNR: 37.26 dB
23-03-20 15:21:56.968 : 0816.png - PSNR: 33.44 dB
23-03-20 15:22:18.248 : 0817.png - PSNR: 34.51 dB
23-03-20 15:22:39.529 : 0818.png - PSNR: 31.25 dB
23-03-20 15:22:56.883 : 0819.png - PSNR: 30.11 dB
23-03-20 15:23:14.227 : 0820.png - PSNR: 27.87 dB
23-03-20 15:23:31.570 : 0821.png - PSNR: 35.39 dB
23-03-20 15:23:52.597 : 0822.png - PSNR: 32.75 dB
23-03-20 15:24:08.730 : 0823.png - PSNR: 28.08 dB
23-03-20 15:24:26.040 : 0824.png - PSNR: 30.81 dB
23-03-20 15:24:43.377 : 0825.png - PSNR: 29.81 dB
23-03-20 15:25:04.634 : 0826.png - PSNR: 26.34 dB
23-03-20 15:25:25.912 : 0827.png - PSNR: 36.11 dB
23-03-20 15:25:43.255 : 0828.png - PSNR: 30.79 dB
23-03-20 15:26:00.558 : 0829.png - PSNR: 28.07 dB
23-03-20 15:26:07.374 : 0830.png - PSNR: 26.77 dB
23-03-20 15:26:24.663 : 0831.png - PSNR: 33.66 dB
23-03-20 15:26:41.999 : 0832.png - PSNR: 33.60 dB
23-03-20 15:27:03.812 : 0833.png - PSNR: 36.73 dB
23-03-20 15:27:21.133 : 0834.png - PSNR: 27.21 dB
23-03-20 15:27:38.716 : 0835.png - PSNR: 24.62 dB
23-03-20 15:28:00.032 : 0836.png - PSNR: 28.64 dB
23-03-20 15:28:17.384 : 0837.png - PSNR: 28.43 dB
23-03-20 15:28:34.695 : 0838.png - PSNR: 39.57 dB
23-03-20 15:28:51.996 : 0839.png - PSNR: 30.58 dB
23-03-20 15:29:09.297 : 0840.png - PSNR: 30.43 dB
23-03-20 15:29:26.633 : 0841.png - PSNR: 30.55 dB
23-03-20 15:29:43.956 : 0842.png - PSNR: 31.74 dB
23-03-20 15:30:01.234 : 0843.png - PSNR: 44.32 dB
23-03-20 15:30:18.525 : 0844.png - PSNR: 48.40 dB
23-03-20 15:30:35.825 : 0845.png - PSNR: 30.07 dB
23-03-20 15:30:51.876 : 0846.png - PSNR: 30.54 dB
23-03-20 15:31:09.227 : 0847.png - PSNR: 30.52 dB
23-03-20 15:31:30.471 : 0848.png - PSNR: 29.26 dB
23-03-20 15:31:47.838 : 0849.png - PSNR: 24.82 dB
23-03-20 15:32:05.200 : 0850.png - PSNR: 31.41 dB
23-03-20 15:32:20.501 : 0851.png - PSNR: 30.79 dB
23-03-20 15:32:33.729 : 0852.png - PSNR: 31.53 dB
23-03-20 15:32:51.098 : 0853.png - PSNR: 37.12 dB
23-03-20 15:33:02.645 : 0854.png - PSNR: 26.66 dB
23-03-20 15:33:29.058 : 0855.png - PSNR: 31.29 dB
23-03-20 15:33:46.450 : 0856.png - PSNR: 28.10 dB
23-03-20 15:34:05.020 : 0857.png - PSNR: 36.51 dB
23-03-20 15:34:22.344 : 0858.png - PSNR: 30.14 dB
23-03-20 15:34:39.674 : 0859.png - PSNR: 27.30 dB
23-03-20 15:35:00.936 : 0860.png - PSNR: 22.32 dB
23-03-20 15:35:18.302 : 0861.png - PSNR: 25.39 dB
23-03-20 15:35:35.612 : 0862.png - PSNR: 34.70 dB
23-03-20 15:35:55.953 : 0863.png - PSNR: 34.82 dB
23-03-20 15:36:13.287 : 0864.png - PSNR: 31.74 dB
23-03-20 15:36:34.535 : 0865.png - PSNR: 29.00 dB
23-03-20 15:36:51.908 : 0866.png - PSNR: 26.88 dB
23-03-20 15:37:09.270 : 0867.png - PSNR: 30.70 dB
23-03-20 15:37:26.567 : 0868.png - PSNR: 34.87 dB
23-03-20 15:37:43.862 : 0869.png - PSNR: 25.50 dB
23-03-20 15:38:03.946 : 0870.png - PSNR: 30.49 dB
23-03-20 15:38:21.327 : 0871.png - PSNR: 34.57 dB
23-03-20 15:38:38.652 : 0872.png - PSNR: 25.71 dB
23-03-20 15:38:56.015 : 0873.png - PSNR: 26.22 dB
23-03-20 15:39:13.357 : 0874.png - PSNR: 32.03 dB
23-03-20 15:39:34.627 : 0875.png - PSNR: 26.13 dB
23-03-20 15:39:52.006 : 0876.png - PSNR: 23.68 dB
23-03-20 15:40:05.273 : 0877.png - PSNR: 42.91 dB
23-03-20 15:40:26.076 : 0878.png - PSNR: 34.44 dB
23-03-20 15:40:49.660 : 0879.png - PSNR: 29.79 dB
23-03-20 15:41:07.035 : 0880.png - PSNR: 33.94 dB
23-03-20 15:41:22.240 : 0881.png - PSNR: 28.33 dB
23-03-20 15:41:39.561 : 0882.png - PSNR: 36.17 dB
23-03-20 15:41:57.283 : 0883.png - PSNR: 28.81 dB
23-03-20 15:42:14.627 : 0884.png - PSNR: 29.12 dB
23-03-20 15:42:31.981 : 0885.png - PSNR: 25.36 dB
23-03-20 15:42:49.303 : 0886.png - PSNR: 39.21 dB
23-03-20 15:43:06.621 : 0887.png - PSNR: 26.72 dB
23-03-20 15:43:23.946 : 0888.png - PSNR: 32.83 dB
23-03-20 15:43:41.288 : 0889.png - PSNR: 33.67 dB
23-03-20 15:43:57.334 : 0890.png - PSNR: 26.83 dB
23-03-20 15:44:15.610 : 0891.png - PSNR: 29.78 dB
23-03-20 15:44:31.729 : 0892.png - PSNR: 35.23 dB
23-03-20 15:44:49.038 : 0893.png - PSNR: 35.22 dB
23-03-20 15:45:06.391 : 0894.png - PSNR: 33.89 dB
23-03-20 15:45:22.467 : 0895.png - PSNR: 21.97 dB
23-03-20 15:45:39.780 : 0896.png - PSNR: 41.80 dB
23-03-20 15:45:55.821 : 0897.png - PSNR: 23.74 dB
23-03-20 15:46:13.143 : 0898.png - PSNR: 37.06 dB
23-03-20 15:46:30.462 : 0899.png - PSNR: 35.80 dB
23-03-20 15:46:43.725 : 0900.png - PSNR: 30.92 dB
23-03-20 15:46:43.809 :       Max Memery : 6787.059 [M]
23-03-20 15:46:43.809 : ------> Average runtime of (valid) is : 17461.593926 seconds
23-03-20 15:46:44.609 :     #Activations : 185.5980 [M]
23-03-20 15:46:44.609 :          #Conv2d : 12
23-03-20 15:46:46.207 :            FLOPs : 510.1791 [G]
23-03-20 15:46:46.208 :          #Params : 16.5458 [M]
